[2021-06-14 12:54:49,149] {taskinstance.py:876} INFO - Dependencies all met for <TaskInstance: summary_db.queue_prepaid_list 2021-06-13T00:00:00+00:00 [queued]>
[2021-06-14 12:54:49,373] {taskinstance.py:876} INFO - Dependencies all met for <TaskInstance: summary_db.queue_prepaid_list 2021-06-13T00:00:00+00:00 [queued]>
[2021-06-14 12:54:49,374] {taskinstance.py:1067} INFO - 
--------------------------------------------------------------------------------
[2021-06-14 12:54:49,374] {taskinstance.py:1068} INFO - Starting attempt 2 of 2
[2021-06-14 12:54:49,374] {taskinstance.py:1069} INFO - 
--------------------------------------------------------------------------------
[2021-06-14 12:54:49,437] {taskinstance.py:1087} INFO - Executing <Task(PythonOperator): queue_prepaid_list> on 2021-06-13T00:00:00+00:00
[2021-06-14 12:54:49,473] {standard_task_runner.py:52} INFO - Started process 705 to run task
[2021-06-14 12:54:49,503] {standard_task_runner.py:76} INFO - Running: ['***', 'tasks', 'run', 'summary_db', 'queue_prepaid_list', '2021-06-13T00:00:00+00:00', '--job-id', '67', '--pool', 'default_pool', '--raw', '--subdir', 'DAGS_FOLDER/first_dag.py', '--cfg-path', '/tmp/tmp9xbz0wqu', '--error-file', '/tmp/tmpkf6ujemg']
[2021-06-14 12:54:49,548] {standard_task_runner.py:77} INFO - Job 67: Subtask queue_prepaid_list
[2021-06-14 12:54:50,047] {logging_mixin.py:104} INFO - Running <TaskInstance: summary_db.queue_prepaid_list 2021-06-13T00:00:00+00:00 [running]> on host 7874826b9cd7
[2021-06-14 12:54:50,646] {taskinstance.py:1282} INFO - Exporting the following env vars:
AIRFLOW_CTX_DAG_OWNER=***
AIRFLOW_CTX_DAG_ID=summary_db
AIRFLOW_CTX_TASK_ID=queue_prepaid_list
AIRFLOW_CTX_EXECUTION_DATE=2021-06-13T00:00:00+00:00
AIRFLOW_CTX_DAG_RUN_ID=scheduled__2021-06-13T00:00:00+00:00
[2021-06-14 12:54:50,660] {logging_mixin.py:104} INFO - ------------------------------------Inside Function-----------------------------
[2021-06-14 12:55:01,729] {logging_mixin.py:104} INFO - -------------------------------Data read into dataframe---------------------------
[2021-06-14 12:55:01,934] {taskinstance.py:1481} ERROR - Task failed with exception
Traceback (most recent call last):
  File "/home/airflow/.local/lib/python3.6/site-packages/sqlalchemy/engine/base.py", line 1257, in _execute_context
    cursor, statement, parameters, context
  File "/home/airflow/.local/lib/python3.6/site-packages/sqlalchemy/dialects/mysql/mysqldb.py", line 148, in do_executemany
    rowcount = cursor.executemany(statement, parameters)
  File "/home/airflow/.local/lib/python3.6/site-packages/MySQLdb/cursors.py", line 236, in executemany
    self._get_db().encoding,
  File "/home/airflow/.local/lib/python3.6/site-packages/MySQLdb/cursors.py", line 266, in _do_execute_many
    rows += self.execute(sql + postfix)
  File "/home/airflow/.local/lib/python3.6/site-packages/MySQLdb/cursors.py", line 206, in execute
    res = self._query(query)
  File "/home/airflow/.local/lib/python3.6/site-packages/MySQLdb/cursors.py", line 319, in _query
    db.query(q)
  File "/home/airflow/.local/lib/python3.6/site-packages/MySQLdb/connections.py", line 259, in query
    _mysql.connection.query(self, query)
MySQLdb._exceptions.OperationalError: (1054, "Unknown column 'deduction_type' in 'field list'")

The above exception was the direct cause of the following exception:

Traceback (most recent call last):
  File "/home/airflow/.local/lib/python3.6/site-packages/airflow/models/taskinstance.py", line 1137, in _run_raw_task
    self._prepare_and_execute_task_with_callbacks(context, task)
  File "/home/airflow/.local/lib/python3.6/site-packages/airflow/models/taskinstance.py", line 1311, in _prepare_and_execute_task_with_callbacks
    result = self._execute_task(context, task_copy)
  File "/home/airflow/.local/lib/python3.6/site-packages/airflow/models/taskinstance.py", line 1341, in _execute_task
    result = task_copy.execute(context=context)
  File "/home/airflow/.local/lib/python3.6/site-packages/airflow/operators/python.py", line 150, in execute
    return_value = self.execute_callable()
  File "/home/airflow/.local/lib/python3.6/site-packages/airflow/operators/python.py", line 161, in execute_callable
    return self.python_callable(*self.op_args, **self.op_kwargs)
  File "/opt/airflow/dags/first_dag.py", line 352, in queue_prepaid_list
    index=False)
  File "/home/airflow/.local/lib/python3.6/site-packages/pandas/core/generic.py", line 2615, in to_sql
    method=method,
  File "/home/airflow/.local/lib/python3.6/site-packages/pandas/io/sql.py", line 598, in to_sql
    method=method,
  File "/home/airflow/.local/lib/python3.6/site-packages/pandas/io/sql.py", line 1406, in to_sql
    raise err
  File "/home/airflow/.local/lib/python3.6/site-packages/pandas/io/sql.py", line 1398, in to_sql
    table.insert(chunksize, method=method)
  File "/home/airflow/.local/lib/python3.6/site-packages/pandas/io/sql.py", line 830, in insert
    exec_insert(conn, keys, chunk_iter)
  File "/home/airflow/.local/lib/python3.6/site-packages/pandas/io/sql.py", line 747, in _execute_insert
    conn.execute(self.table.insert(), data)
  File "/home/airflow/.local/lib/python3.6/site-packages/sqlalchemy/engine/base.py", line 1011, in execute
    return meth(self, multiparams, params)
  File "/home/airflow/.local/lib/python3.6/site-packages/sqlalchemy/sql/elements.py", line 298, in _execute_on_connection
    return connection._execute_clauseelement(self, multiparams, params)
  File "/home/airflow/.local/lib/python3.6/site-packages/sqlalchemy/engine/base.py", line 1130, in _execute_clauseelement
    distilled_params,
  File "/home/airflow/.local/lib/python3.6/site-packages/sqlalchemy/engine/base.py", line 1317, in _execute_context
    e, statement, parameters, cursor, context
  File "/home/airflow/.local/lib/python3.6/site-packages/sqlalchemy/engine/base.py", line 1511, in _handle_dbapi_exception
    sqlalchemy_exception, with_traceback=exc_info[2], from_=e
  File "/home/airflow/.local/lib/python3.6/site-packages/sqlalchemy/util/compat.py", line 182, in raise_
    raise exception
  File "/home/airflow/.local/lib/python3.6/site-packages/sqlalchemy/engine/base.py", line 1257, in _execute_context
    cursor, statement, parameters, context
  File "/home/airflow/.local/lib/python3.6/site-packages/sqlalchemy/dialects/mysql/mysqldb.py", line 148, in do_executemany
    rowcount = cursor.executemany(statement, parameters)
  File "/home/airflow/.local/lib/python3.6/site-packages/MySQLdb/cursors.py", line 236, in executemany
    self._get_db().encoding,
  File "/home/airflow/.local/lib/python3.6/site-packages/MySQLdb/cursors.py", line 266, in _do_execute_many
    rows += self.execute(sql + postfix)
  File "/home/airflow/.local/lib/python3.6/site-packages/MySQLdb/cursors.py", line 206, in execute
    res = self._query(query)
  File "/home/airflow/.local/lib/python3.6/site-packages/MySQLdb/cursors.py", line 319, in _query
    db.query(q)
  File "/home/airflow/.local/lib/python3.6/site-packages/MySQLdb/connections.py", line 259, in query
    _mysql.connection.query(self, query)
sqlalchemy.exc.OperationalError: (MySQLdb._exceptions.OperationalError) (1054, "Unknown column 'deduction_type' in 'field list'")
[SQL: INSERT INTO `21north`.`21N_queue_prepaid_list` (id, creationdatetime, queueid, servicecentre_id, amount, balance, payment_type, reason, deduction_type) VALUES (%s, %s, %s, %s, %s, %s, %s, %s, %s)]
[parameters: ((221678, datetime.datetime(2021, 6, 13, 18, 27, 29), 1635052, 1696, -455.48, 0, 6, None, 1), (221679, datetime.datetime(2021, 6, 13, 18, 35, 52), 1635053, 1696, -455.48, 0, 6, None, 1), (221680, datetime.datetime(2021, 6, 13, 18, 44, 23), 1635055, 1626, -147.5, 0, 6, None, 1), (221681, datetime.datetime(2021, 6, 13, 18, 51, 16), 1635058, 2048, -206.5, 0, 7, None, 1), (221682, datetime.datetime(2021, 6, 13, 18, 57, 16), 1635060, 1755, -649.0, 0, 6, None, 1), (221683, datetime.datetime(2021, 6, 13, 19, 3, 59), 1635064, 2048, -206.5, 0, 7, None, 1), (221684, datetime.datetime(2021, 6, 13, 19, 4, 7), 1635065, 1626, -354.0, 0, 6, None, 1), (221685, datetime.datetime(2021, 6, 13, 19, 7, 20), 1635067, 1626, -420.21, 0, 6, None, 1)  ... displaying 10 of 311 total bound parameter sets ...  (221987, datetime.datetime(2021, 6, 14, 14, 37, 47), 1635987, 2263, -63000.0, 0, 6, None, 1), (221988, datetime.datetime(2021, 6, 14, 14, 39, 17), 1635989, 2140, -554.6, 0, 6, None, 1))]
(Background on this error at: http://sqlalche.me/e/13/e3q8)
[2021-06-14 12:55:01,950] {taskinstance.py:1531} INFO - Marking task as FAILED. dag_id=summary_db, task_id=queue_prepaid_list, execution_date=20210613T000000, start_date=20210614T125449, end_date=20210614T125501
[2021-06-14 12:55:02,012] {local_task_job.py:151} INFO - Task exited with return code 1
