[2021-06-11 12:50:49,835] {taskinstance.py:876} INFO - Dependencies all met for <TaskInstance: summary_db.db 2021-06-10T00:00:00+00:00 [queued]>
[2021-06-11 12:50:49,858] {taskinstance.py:876} INFO - Dependencies all met for <TaskInstance: summary_db.db 2021-06-10T00:00:00+00:00 [queued]>
[2021-06-11 12:50:49,858] {taskinstance.py:1067} INFO - 
--------------------------------------------------------------------------------
[2021-06-11 12:50:49,859] {taskinstance.py:1068} INFO - Starting attempt 1 of 2
[2021-06-11 12:50:49,867] {taskinstance.py:1069} INFO - 
--------------------------------------------------------------------------------
[2021-06-11 12:50:49,890] {taskinstance.py:1087} INFO - Executing <Task(PythonOperator): db> on 2021-06-10T00:00:00+00:00
[2021-06-11 12:50:49,896] {standard_task_runner.py:52} INFO - Started process 128 to run task
[2021-06-11 12:50:49,901] {standard_task_runner.py:76} INFO - Running: ['***', 'tasks', 'run', 'summary_db', 'db', '2021-06-10T00:00:00+00:00', '--job-id', '18', '--pool', 'default_pool', '--raw', '--subdir', 'DAGS_FOLDER/first_dag.py', '--cfg-path', '/tmp/tmpl5p6zwnb', '--error-file', '/tmp/tmpxrvzc070']
[2021-06-11 12:50:49,902] {standard_task_runner.py:77} INFO - Job 18: Subtask db
[2021-06-11 12:50:49,993] {logging_mixin.py:104} INFO - Running <TaskInstance: summary_db.db 2021-06-10T00:00:00+00:00 [running]> on host e3f94160321b
[2021-06-11 12:50:50,060] {taskinstance.py:1282} INFO - Exporting the following env vars:
AIRFLOW_CTX_DAG_OWNER=***
AIRFLOW_CTX_DAG_ID=summary_db
AIRFLOW_CTX_TASK_ID=db
AIRFLOW_CTX_EXECUTION_DATE=2021-06-10T00:00:00+00:00
AIRFLOW_CTX_DAG_RUN_ID=scheduled__2021-06-10T00:00:00+00:00
[2021-06-11 12:50:50,062] {logging_mixin.py:104} INFO - DB Connection started
[2021-06-11 12:51:11,465] {taskinstance.py:1481} ERROR - Task failed with exception
Traceback (most recent call last):
  File "/home/airflow/.local/lib/python3.6/site-packages/mysql/connector/connection_cext.py", line 233, in _open_connection
    self._cmysql.connect(**cnx_kwargs)
_mysql_connector.MySQLInterfaceError: Can't connect to MySQL server on '3.0.136.197' (111)

During handling of the above exception, another exception occurred:

Traceback (most recent call last):
  File "/home/airflow/.local/lib/python3.6/site-packages/airflow/models/taskinstance.py", line 1137, in _run_raw_task
    self._prepare_and_execute_task_with_callbacks(context, task)
  File "/home/airflow/.local/lib/python3.6/site-packages/airflow/models/taskinstance.py", line 1311, in _prepare_and_execute_task_with_callbacks
    result = self._execute_task(context, task_copy)
  File "/home/airflow/.local/lib/python3.6/site-packages/airflow/models/taskinstance.py", line 1341, in _execute_task
    result = task_copy.execute(context=context)
  File "/home/airflow/.local/lib/python3.6/site-packages/airflow/operators/python.py", line 150, in execute
    return_value = self.execute_callable()
  File "/home/airflow/.local/lib/python3.6/site-packages/airflow/operators/python.py", line 161, in execute_callable
    return self.python_callable(*self.op_args, **self.op_kwargs)
  File "/opt/airflow/dags/first_dag.py", line 28, in db_conn
    replica_db_connector = mysql.connector.connect(host= '3.0.136.197', user='yantra', password='0FRZ*j7,>M>C,&tJ',ssl_disabled=True)
  File "/home/airflow/.local/lib/python3.6/site-packages/mysql/connector/__init__.py", line 270, in connect
    return CMySQLConnection(*args, **kwargs)
  File "/home/airflow/.local/lib/python3.6/site-packages/mysql/connector/connection_cext.py", line 86, in __init__
    self.connect(**kwargs)
  File "/home/airflow/.local/lib/python3.6/site-packages/mysql/connector/abstracts.py", line 985, in connect
    self._open_connection()
  File "/home/airflow/.local/lib/python3.6/site-packages/mysql/connector/connection_cext.py", line 236, in _open_connection
    sqlstate=exc.sqlstate)
mysql.connector.errors.DatabaseError: 2003 (HY000): Can't connect to MySQL server on '3.0.136.197' (111)
[2021-06-11 12:51:11,474] {taskinstance.py:1531} INFO - Marking task as UP_FOR_RETRY. dag_id=summary_db, task_id=db, execution_date=20210610T000000, start_date=20210611T125049, end_date=20210611T125111
[2021-06-11 12:51:11,553] {local_task_job.py:151} INFO - Task exited with return code 1
[2021-06-11 12:53:26,284] {taskinstance.py:876} INFO - Dependencies all met for <TaskInstance: summary_db.db 2021-06-10T00:00:00+00:00 [queued]>
[2021-06-11 12:53:26,326] {taskinstance.py:876} INFO - Dependencies all met for <TaskInstance: summary_db.db 2021-06-10T00:00:00+00:00 [queued]>
[2021-06-11 12:53:26,327] {taskinstance.py:1067} INFO - 
--------------------------------------------------------------------------------
[2021-06-11 12:53:26,327] {taskinstance.py:1068} INFO - Starting attempt 1 of 2
[2021-06-11 12:53:26,334] {taskinstance.py:1069} INFO - 
--------------------------------------------------------------------------------
[2021-06-11 12:53:26,367] {taskinstance.py:1087} INFO - Executing <Task(PythonOperator): db> on 2021-06-10T00:00:00+00:00
[2021-06-11 12:53:26,375] {standard_task_runner.py:52} INFO - Started process 256 to run task
[2021-06-11 12:53:26,381] {standard_task_runner.py:76} INFO - Running: ['***', 'tasks', 'run', 'summary_db', 'db', '2021-06-10T00:00:00+00:00', '--job-id', '19', '--pool', 'default_pool', '--raw', '--subdir', 'DAGS_FOLDER/first_dag.py', '--cfg-path', '/tmp/tmpaw4v5jgs', '--error-file', '/tmp/tmp2nm9qdr4']
[2021-06-11 12:53:26,383] {standard_task_runner.py:77} INFO - Job 19: Subtask db
[2021-06-11 12:53:26,463] {logging_mixin.py:104} INFO - Running <TaskInstance: summary_db.db 2021-06-10T00:00:00+00:00 [running]> on host e3f94160321b
[2021-06-11 12:53:26,612] {taskinstance.py:1282} INFO - Exporting the following env vars:
AIRFLOW_CTX_DAG_OWNER=***
AIRFLOW_CTX_DAG_ID=summary_db
AIRFLOW_CTX_TASK_ID=db
AIRFLOW_CTX_EXECUTION_DATE=2021-06-10T00:00:00+00:00
AIRFLOW_CTX_DAG_RUN_ID=scheduled__2021-06-10T00:00:00+00:00
[2021-06-11 12:53:26,614] {logging_mixin.py:104} INFO - DB Connection started
[2021-06-11 12:53:27,194] {taskinstance.py:1481} ERROR - Task failed with exception
Traceback (most recent call last):
  File "/home/airflow/.local/lib/python3.6/site-packages/mysql/connector/connection_cext.py", line 233, in _open_connection
    self._cmysql.connect(**cnx_kwargs)
_mysql_connector.MySQLInterfaceError: Can't connect to MySQL server on 'localhost' (99)

During handling of the above exception, another exception occurred:

Traceback (most recent call last):
  File "/home/airflow/.local/lib/python3.6/site-packages/airflow/models/taskinstance.py", line 1137, in _run_raw_task
    self._prepare_and_execute_task_with_callbacks(context, task)
  File "/home/airflow/.local/lib/python3.6/site-packages/airflow/models/taskinstance.py", line 1311, in _prepare_and_execute_task_with_callbacks
    result = self._execute_task(context, task_copy)
  File "/home/airflow/.local/lib/python3.6/site-packages/airflow/models/taskinstance.py", line 1341, in _execute_task
    result = task_copy.execute(context=context)
  File "/home/airflow/.local/lib/python3.6/site-packages/airflow/operators/python.py", line 150, in execute
    return_value = self.execute_callable()
  File "/home/airflow/.local/lib/python3.6/site-packages/airflow/operators/python.py", line 161, in execute_callable
    return self.python_callable(*self.op_args, **self.op_kwargs)
  File "/opt/airflow/dags/first_dag.py", line 29, in db_conn
    local_db_connector = mysql.connector.connect(host ='localhost', user='root', password='password',ssl_disabled=True)
  File "/home/airflow/.local/lib/python3.6/site-packages/mysql/connector/__init__.py", line 270, in connect
    return CMySQLConnection(*args, **kwargs)
  File "/home/airflow/.local/lib/python3.6/site-packages/mysql/connector/connection_cext.py", line 86, in __init__
    self.connect(**kwargs)
  File "/home/airflow/.local/lib/python3.6/site-packages/mysql/connector/abstracts.py", line 985, in connect
    self._open_connection()
  File "/home/airflow/.local/lib/python3.6/site-packages/mysql/connector/connection_cext.py", line 236, in _open_connection
    sqlstate=exc.sqlstate)
mysql.connector.errors.DatabaseError: 2003 (HY000): Can't connect to MySQL server on 'localhost' (99)
[2021-06-11 12:53:27,199] {taskinstance.py:1531} INFO - Marking task as UP_FOR_RETRY. dag_id=summary_db, task_id=db, execution_date=20210610T000000, start_date=20210611T125326, end_date=20210611T125327
[2021-06-11 12:53:27,324] {local_task_job.py:151} INFO - Task exited with return code 1
[2021-06-11 13:00:53,402] {taskinstance.py:876} INFO - Dependencies all met for <TaskInstance: summary_db.db 2021-06-10T00:00:00+00:00 [queued]>
[2021-06-11 13:00:53,436] {taskinstance.py:876} INFO - Dependencies all met for <TaskInstance: summary_db.db 2021-06-10T00:00:00+00:00 [queued]>
[2021-06-11 13:00:53,436] {taskinstance.py:1067} INFO - 
--------------------------------------------------------------------------------
[2021-06-11 13:00:53,436] {taskinstance.py:1068} INFO - Starting attempt 1 of 2
[2021-06-11 13:00:53,439] {taskinstance.py:1069} INFO - 
--------------------------------------------------------------------------------
[2021-06-11 13:00:53,457] {taskinstance.py:1087} INFO - Executing <Task(PythonOperator): db> on 2021-06-10T00:00:00+00:00
[2021-06-11 13:00:53,470] {standard_task_runner.py:52} INFO - Started process 211 to run task
[2021-06-11 13:00:53,485] {standard_task_runner.py:76} INFO - Running: ['***', 'tasks', 'run', 'summary_db', 'db', '2021-06-10T00:00:00+00:00', '--job-id', '22', '--pool', 'default_pool', '--raw', '--subdir', 'DAGS_FOLDER/first_dag.py', '--cfg-path', '/tmp/tmpizpg7j6r', '--error-file', '/tmp/tmps3osnhfl']
[2021-06-11 13:00:53,486] {standard_task_runner.py:77} INFO - Job 22: Subtask db
[2021-06-11 13:00:53,559] {logging_mixin.py:104} INFO - Running <TaskInstance: summary_db.db 2021-06-10T00:00:00+00:00 [running]> on host 68be65bbce4a
[2021-06-11 13:00:53,666] {taskinstance.py:1282} INFO - Exporting the following env vars:
AIRFLOW_CTX_DAG_OWNER=***
AIRFLOW_CTX_DAG_ID=summary_db
AIRFLOW_CTX_TASK_ID=db
AIRFLOW_CTX_EXECUTION_DATE=2021-06-10T00:00:00+00:00
AIRFLOW_CTX_DAG_RUN_ID=scheduled__2021-06-10T00:00:00+00:00
[2021-06-11 13:00:53,667] {logging_mixin.py:104} INFO - DB Connection started
[2021-06-11 13:00:54,148] {taskinstance.py:1481} ERROR - Task failed with exception
Traceback (most recent call last):
  File "/home/airflow/.local/lib/python3.6/site-packages/mysql/connector/connection_cext.py", line 233, in _open_connection
    self._cmysql.connect(**cnx_kwargs)
_mysql_connector.MySQLInterfaceError: Can't connect to MySQL server on '127.0.0.1' (111)

During handling of the above exception, another exception occurred:

Traceback (most recent call last):
  File "/home/airflow/.local/lib/python3.6/site-packages/airflow/models/taskinstance.py", line 1137, in _run_raw_task
    self._prepare_and_execute_task_with_callbacks(context, task)
  File "/home/airflow/.local/lib/python3.6/site-packages/airflow/models/taskinstance.py", line 1311, in _prepare_and_execute_task_with_callbacks
    result = self._execute_task(context, task_copy)
  File "/home/airflow/.local/lib/python3.6/site-packages/airflow/models/taskinstance.py", line 1341, in _execute_task
    result = task_copy.execute(context=context)
  File "/home/airflow/.local/lib/python3.6/site-packages/airflow/operators/python.py", line 150, in execute
    return_value = self.execute_callable()
  File "/home/airflow/.local/lib/python3.6/site-packages/airflow/operators/python.py", line 161, in execute_callable
    return self.python_callable(*self.op_args, **self.op_kwargs)
  File "/opt/airflow/dags/first_dag.py", line 29, in db_conn
    local_db_connector = mysql.connector.connect(host ='127.0.0.1', user='root', password='password',ssl_disabled=True)
  File "/home/airflow/.local/lib/python3.6/site-packages/mysql/connector/__init__.py", line 270, in connect
    return CMySQLConnection(*args, **kwargs)
  File "/home/airflow/.local/lib/python3.6/site-packages/mysql/connector/connection_cext.py", line 86, in __init__
    self.connect(**kwargs)
  File "/home/airflow/.local/lib/python3.6/site-packages/mysql/connector/abstracts.py", line 985, in connect
    self._open_connection()
  File "/home/airflow/.local/lib/python3.6/site-packages/mysql/connector/connection_cext.py", line 236, in _open_connection
    sqlstate=exc.sqlstate)
mysql.connector.errors.DatabaseError: 2003 (HY000): Can't connect to MySQL server on '127.0.0.1' (111)
[2021-06-11 13:00:54,152] {taskinstance.py:1531} INFO - Marking task as UP_FOR_RETRY. dag_id=summary_db, task_id=db, execution_date=20210610T000000, start_date=20210611T130053, end_date=20210611T130054
[2021-06-11 13:00:54,212] {local_task_job.py:151} INFO - Task exited with return code 1
[2021-06-11 13:14:45,580] {taskinstance.py:876} INFO - Dependencies all met for <TaskInstance: summary_db.db 2021-06-10T00:00:00+00:00 [queued]>
[2021-06-11 13:14:45,632] {taskinstance.py:876} INFO - Dependencies all met for <TaskInstance: summary_db.db 2021-06-10T00:00:00+00:00 [queued]>
[2021-06-11 13:14:45,633] {taskinstance.py:1067} INFO - 
--------------------------------------------------------------------------------
[2021-06-11 13:14:45,633] {taskinstance.py:1068} INFO - Starting attempt 1 of 2
[2021-06-11 13:14:45,642] {taskinstance.py:1069} INFO - 
--------------------------------------------------------------------------------
[2021-06-11 13:14:45,665] {taskinstance.py:1087} INFO - Executing <Task(PythonOperator): db> on 2021-06-10T00:00:00+00:00
[2021-06-11 13:14:45,677] {standard_task_runner.py:52} INFO - Started process 140 to run task
[2021-06-11 13:14:45,684] {standard_task_runner.py:76} INFO - Running: ['***', 'tasks', 'run', 'summary_db', 'db', '2021-06-10T00:00:00+00:00', '--job-id', '4', '--pool', 'default_pool', '--raw', '--subdir', 'DAGS_FOLDER/first_dag.py', '--cfg-path', '/tmp/tmpi4v9bsld', '--error-file', '/tmp/tmpol9oa03g']
[2021-06-11 13:14:45,684] {standard_task_runner.py:77} INFO - Job 4: Subtask db
[2021-06-11 13:14:45,783] {logging_mixin.py:104} INFO - Running <TaskInstance: summary_db.db 2021-06-10T00:00:00+00:00 [running]> on host dba8049ab2e6
[2021-06-11 13:14:46,070] {taskinstance.py:1282} INFO - Exporting the following env vars:
AIRFLOW_CTX_DAG_OWNER=***
AIRFLOW_CTX_DAG_ID=summary_db
AIRFLOW_CTX_TASK_ID=db
AIRFLOW_CTX_EXECUTION_DATE=2021-06-10T00:00:00+00:00
AIRFLOW_CTX_DAG_RUN_ID=scheduled__2021-06-10T00:00:00+00:00
[2021-06-11 13:14:46,073] {logging_mixin.py:104} INFO - DB Connection started
[2021-06-11 13:14:46,614] {taskinstance.py:1481} ERROR - Task failed with exception
Traceback (most recent call last):
  File "/home/airflow/.local/lib/python3.6/site-packages/mysql/connector/connection_cext.py", line 233, in _open_connection
    self._cmysql.connect(**cnx_kwargs)
_mysql_connector.MySQLInterfaceError: Authentication plugin 'caching_sha2_password' reported error: Authentication requires secure connection.

During handling of the above exception, another exception occurred:

Traceback (most recent call last):
  File "/home/airflow/.local/lib/python3.6/site-packages/airflow/models/taskinstance.py", line 1137, in _run_raw_task
    self._prepare_and_execute_task_with_callbacks(context, task)
  File "/home/airflow/.local/lib/python3.6/site-packages/airflow/models/taskinstance.py", line 1311, in _prepare_and_execute_task_with_callbacks
    result = self._execute_task(context, task_copy)
  File "/home/airflow/.local/lib/python3.6/site-packages/airflow/models/taskinstance.py", line 1341, in _execute_task
    result = task_copy.execute(context=context)
  File "/home/airflow/.local/lib/python3.6/site-packages/airflow/operators/python.py", line 150, in execute
    return_value = self.execute_callable()
  File "/home/airflow/.local/lib/python3.6/site-packages/airflow/operators/python.py", line 161, in execute_callable
    return self.python_callable(*self.op_args, **self.op_kwargs)
  File "/opt/airflow/dags/first_dag.py", line 29, in db_conn
    local_db_connector = mysql.connector.connect(host ='host.docker.internal', user='root', password='password',ssl_disabled=True)
  File "/home/airflow/.local/lib/python3.6/site-packages/mysql/connector/__init__.py", line 270, in connect
    return CMySQLConnection(*args, **kwargs)
  File "/home/airflow/.local/lib/python3.6/site-packages/mysql/connector/connection_cext.py", line 86, in __init__
    self.connect(**kwargs)
  File "/home/airflow/.local/lib/python3.6/site-packages/mysql/connector/abstracts.py", line 985, in connect
    self._open_connection()
  File "/home/airflow/.local/lib/python3.6/site-packages/mysql/connector/connection_cext.py", line 236, in _open_connection
    sqlstate=exc.sqlstate)
mysql.connector.errors.InterfaceError: 2061 (HY000): Authentication plugin 'caching_sha2_password' reported error: Authentication requires secure connection.
[2021-06-11 13:14:46,622] {taskinstance.py:1531} INFO - Marking task as UP_FOR_RETRY. dag_id=summary_db, task_id=db, execution_date=20210610T000000, start_date=20210611T131445, end_date=20210611T131446
[2021-06-11 13:14:46,723] {local_task_job.py:151} INFO - Task exited with return code 1
[2021-06-11 13:21:13,086] {taskinstance.py:876} INFO - Dependencies all met for <TaskInstance: summary_db.db 2021-06-10T00:00:00+00:00 [queued]>
[2021-06-11 13:21:13,109] {taskinstance.py:876} INFO - Dependencies all met for <TaskInstance: summary_db.db 2021-06-10T00:00:00+00:00 [queued]>
[2021-06-11 13:21:13,110] {taskinstance.py:1067} INFO - 
--------------------------------------------------------------------------------
[2021-06-11 13:21:13,110] {taskinstance.py:1068} INFO - Starting attempt 1 of 2
[2021-06-11 13:21:13,113] {taskinstance.py:1069} INFO - 
--------------------------------------------------------------------------------
[2021-06-11 13:21:13,123] {taskinstance.py:1087} INFO - Executing <Task(PythonOperator): db> on 2021-06-10T00:00:00+00:00
[2021-06-11 13:21:13,129] {standard_task_runner.py:52} INFO - Started process 179 to run task
[2021-06-11 13:21:13,133] {standard_task_runner.py:76} INFO - Running: ['***', 'tasks', 'run', 'summary_db', 'db', '2021-06-10T00:00:00+00:00', '--job-id', '7', '--pool', 'default_pool', '--raw', '--subdir', 'DAGS_FOLDER/first_dag.py', '--cfg-path', '/tmp/tmpw3vxzxcb', '--error-file', '/tmp/tmp17pic49w']
[2021-06-11 13:21:13,134] {standard_task_runner.py:77} INFO - Job 7: Subtask db
[2021-06-11 13:21:13,181] {logging_mixin.py:104} INFO - Running <TaskInstance: summary_db.db 2021-06-10T00:00:00+00:00 [running]> on host bed3fc62f41e
[2021-06-11 13:21:13,281] {taskinstance.py:1282} INFO - Exporting the following env vars:
AIRFLOW_CTX_DAG_OWNER=***
AIRFLOW_CTX_DAG_ID=summary_db
AIRFLOW_CTX_TASK_ID=db
AIRFLOW_CTX_EXECUTION_DATE=2021-06-10T00:00:00+00:00
AIRFLOW_CTX_DAG_RUN_ID=scheduled__2021-06-10T00:00:00+00:00
[2021-06-11 13:21:13,282] {logging_mixin.py:104} INFO - DB Connection started
[2021-06-11 13:21:13,595] {taskinstance.py:1481} ERROR - Task failed with exception
Traceback (most recent call last):
  File "/home/airflow/.local/lib/python3.6/site-packages/mysql/connector/connection_cext.py", line 233, in _open_connection
    self._cmysql.connect(**cnx_kwargs)
_mysql_connector.MySQLInterfaceError: SSL connection error: error:1425F102:SSL routines:ssl_choose_client_version:unsupported protocol

During handling of the above exception, another exception occurred:

Traceback (most recent call last):
  File "/home/airflow/.local/lib/python3.6/site-packages/airflow/models/taskinstance.py", line 1137, in _run_raw_task
    self._prepare_and_execute_task_with_callbacks(context, task)
  File "/home/airflow/.local/lib/python3.6/site-packages/airflow/models/taskinstance.py", line 1311, in _prepare_and_execute_task_with_callbacks
    result = self._execute_task(context, task_copy)
  File "/home/airflow/.local/lib/python3.6/site-packages/airflow/models/taskinstance.py", line 1341, in _execute_task
    result = task_copy.execute(context=context)
  File "/home/airflow/.local/lib/python3.6/site-packages/airflow/operators/python.py", line 150, in execute
    return_value = self.execute_callable()
  File "/home/airflow/.local/lib/python3.6/site-packages/airflow/operators/python.py", line 161, in execute_callable
    return self.python_callable(*self.op_args, **self.op_kwargs)
  File "/opt/airflow/dags/first_dag.py", line 28, in db_conn
    replica_db_connector = mysql.connector.connect(host= '3.0.136.197', user='yantra', password='0FRZ*j7,>M>C,&tJ')
  File "/home/airflow/.local/lib/python3.6/site-packages/mysql/connector/__init__.py", line 270, in connect
    return CMySQLConnection(*args, **kwargs)
  File "/home/airflow/.local/lib/python3.6/site-packages/mysql/connector/connection_cext.py", line 86, in __init__
    self.connect(**kwargs)
  File "/home/airflow/.local/lib/python3.6/site-packages/mysql/connector/abstracts.py", line 985, in connect
    self._open_connection()
  File "/home/airflow/.local/lib/python3.6/site-packages/mysql/connector/connection_cext.py", line 236, in _open_connection
    sqlstate=exc.sqlstate)
mysql.connector.errors.InterfaceError: 2026 (HY000): SSL connection error: error:1425F102:SSL routines:ssl_choose_client_version:unsupported protocol
[2021-06-11 13:21:13,599] {taskinstance.py:1531} INFO - Marking task as UP_FOR_RETRY. dag_id=summary_db, task_id=db, execution_date=20210610T000000, start_date=20210611T132113, end_date=20210611T132113
[2021-06-11 13:21:13,672] {local_task_job.py:151} INFO - Task exited with return code 1
[2021-06-11 13:26:16,255] {taskinstance.py:876} INFO - Dependencies all met for <TaskInstance: summary_db.db 2021-06-10T00:00:00+00:00 [queued]>
[2021-06-11 13:26:16,366] {taskinstance.py:876} INFO - Dependencies all met for <TaskInstance: summary_db.db 2021-06-10T00:00:00+00:00 [queued]>
[2021-06-11 13:26:16,367] {taskinstance.py:1067} INFO - 
--------------------------------------------------------------------------------
[2021-06-11 13:26:16,367] {taskinstance.py:1068} INFO - Starting attempt 1 of 2
[2021-06-11 13:26:16,373] {taskinstance.py:1069} INFO - 
--------------------------------------------------------------------------------
[2021-06-11 13:26:16,452] {taskinstance.py:1087} INFO - Executing <Task(PythonOperator): db> on 2021-06-10T00:00:00+00:00
[2021-06-11 13:26:16,460] {standard_task_runner.py:52} INFO - Started process 144 to run task
[2021-06-11 13:26:16,495] {standard_task_runner.py:76} INFO - Running: ['***', 'tasks', 'run', 'summary_db', 'db', '2021-06-10T00:00:00+00:00', '--job-id', '9', '--pool', 'default_pool', '--raw', '--subdir', 'DAGS_FOLDER/first_dag.py', '--cfg-path', '/tmp/tmpvllp48l0', '--error-file', '/tmp/tmpmezm5dh_']
[2021-06-11 13:26:16,496] {standard_task_runner.py:77} INFO - Job 9: Subtask db
[2021-06-11 13:26:17,013] {logging_mixin.py:104} INFO - Running <TaskInstance: summary_db.db 2021-06-10T00:00:00+00:00 [running]> on host bed3fc62f41e
[2021-06-11 13:26:17,199] {taskinstance.py:1282} INFO - Exporting the following env vars:
AIRFLOW_CTX_DAG_OWNER=***
AIRFLOW_CTX_DAG_ID=summary_db
AIRFLOW_CTX_TASK_ID=db
AIRFLOW_CTX_EXECUTION_DATE=2021-06-10T00:00:00+00:00
AIRFLOW_CTX_DAG_RUN_ID=scheduled__2021-06-10T00:00:00+00:00
[2021-06-11 13:26:17,200] {logging_mixin.py:104} INFO - DB Connection started
[2021-06-11 13:26:17,716] {taskinstance.py:1481} ERROR - Task failed with exception
Traceback (most recent call last):
  File "/home/airflow/.local/lib/python3.6/site-packages/mysql/connector/connection_cext.py", line 233, in _open_connection
    self._cmysql.connect(**cnx_kwargs)
_mysql_connector.MySQLInterfaceError: Authentication plugin 'caching_sha2_password' reported error: Authentication requires secure connection.

During handling of the above exception, another exception occurred:

Traceback (most recent call last):
  File "/home/airflow/.local/lib/python3.6/site-packages/airflow/models/taskinstance.py", line 1137, in _run_raw_task
    self._prepare_and_execute_task_with_callbacks(context, task)
  File "/home/airflow/.local/lib/python3.6/site-packages/airflow/models/taskinstance.py", line 1311, in _prepare_and_execute_task_with_callbacks
    result = self._execute_task(context, task_copy)
  File "/home/airflow/.local/lib/python3.6/site-packages/airflow/models/taskinstance.py", line 1341, in _execute_task
    result = task_copy.execute(context=context)
  File "/home/airflow/.local/lib/python3.6/site-packages/airflow/operators/python.py", line 150, in execute
    return_value = self.execute_callable()
  File "/home/airflow/.local/lib/python3.6/site-packages/airflow/operators/python.py", line 161, in execute_callable
    return self.python_callable(*self.op_args, **self.op_kwargs)
  File "/opt/airflow/dags/first_dag.py", line 29, in db_conn
    local_db_connector = mysql.connector.connect(host ='host.docker.internal', user='root', password='password',ssl_disabled=True)
  File "/home/airflow/.local/lib/python3.6/site-packages/mysql/connector/__init__.py", line 270, in connect
    return CMySQLConnection(*args, **kwargs)
  File "/home/airflow/.local/lib/python3.6/site-packages/mysql/connector/connection_cext.py", line 86, in __init__
    self.connect(**kwargs)
  File "/home/airflow/.local/lib/python3.6/site-packages/mysql/connector/abstracts.py", line 985, in connect
    self._open_connection()
  File "/home/airflow/.local/lib/python3.6/site-packages/mysql/connector/connection_cext.py", line 236, in _open_connection
    sqlstate=exc.sqlstate)
mysql.connector.errors.InterfaceError: 2061 (HY000): Authentication plugin 'caching_sha2_password' reported error: Authentication requires secure connection.
[2021-06-11 13:26:17,723] {taskinstance.py:1531} INFO - Marking task as UP_FOR_RETRY. dag_id=summary_db, task_id=db, execution_date=20210610T000000, start_date=20210611T132616, end_date=20210611T132617
[2021-06-11 13:26:17,845] {local_task_job.py:151} INFO - Task exited with return code 1
[2021-06-11 13:35:32,246] {taskinstance.py:876} INFO - Dependencies all met for <TaskInstance: summary_db.db 2021-06-10T00:00:00+00:00 [queued]>
[2021-06-11 13:35:32,296] {taskinstance.py:876} INFO - Dependencies all met for <TaskInstance: summary_db.db 2021-06-10T00:00:00+00:00 [queued]>
[2021-06-11 13:35:32,296] {taskinstance.py:1067} INFO - 
--------------------------------------------------------------------------------
[2021-06-11 13:35:32,296] {taskinstance.py:1068} INFO - Starting attempt 1 of 2
[2021-06-11 13:35:32,300] {taskinstance.py:1069} INFO - 
--------------------------------------------------------------------------------
[2021-06-11 13:35:32,358] {taskinstance.py:1087} INFO - Executing <Task(PythonOperator): db> on 2021-06-10T00:00:00+00:00
[2021-06-11 13:35:32,366] {standard_task_runner.py:52} INFO - Started process 164 to run task
[2021-06-11 13:35:32,374] {standard_task_runner.py:76} INFO - Running: ['***', 'tasks', 'run', 'summary_db', 'db', '2021-06-10T00:00:00+00:00', '--job-id', '12', '--pool', 'default_pool', '--raw', '--subdir', 'DAGS_FOLDER/first_dag.py', '--cfg-path', '/tmp/tmpwom6cfam', '--error-file', '/tmp/tmpzv6apru0']
[2021-06-11 13:35:32,375] {standard_task_runner.py:77} INFO - Job 12: Subtask db
[2021-06-11 13:35:32,490] {logging_mixin.py:104} INFO - Running <TaskInstance: summary_db.db 2021-06-10T00:00:00+00:00 [running]> on host bed3fc62f41e
[2021-06-11 13:35:32,633] {taskinstance.py:1282} INFO - Exporting the following env vars:
AIRFLOW_CTX_DAG_OWNER=***
AIRFLOW_CTX_DAG_ID=summary_db
AIRFLOW_CTX_TASK_ID=db
AIRFLOW_CTX_EXECUTION_DATE=2021-06-10T00:00:00+00:00
AIRFLOW_CTX_DAG_RUN_ID=scheduled__2021-06-10T00:00:00+00:00
[2021-06-11 13:35:32,634] {logging_mixin.py:104} INFO - DB Connection started
[2021-06-11 13:35:33,046] {logging_mixin.py:104} INFO - <<<<<<<<<<<<<<<<<<<<<<<<<<<<<<>>>>>>>>>>>>>>>>>>>>>>>>>>>>>>>>>>>>>>>>>>>>>>
[2021-06-11 13:35:33,066] {logging_mixin.py:104} INFO - replica DB -------------->>>>>>>>>>>>>>> <mysql.connector.connection_cext.CMySQLConnection object at 0x7fb9830d2fd0>
[2021-06-11 13:35:33,066] {logging_mixin.py:104} INFO - localhost-------------------------->>>>>>>>>>>>>>>> <mysql.connector.connection_cext.CMySQLConnection object at 0x7fb9830d2160>
[2021-06-11 13:35:33,067] {python.py:151} INFO - Done. Returned value was: None
[2021-06-11 13:35:33,083] {taskinstance.py:1191} INFO - Marking task as SUCCESS. dag_id=summary_db, task_id=db, execution_date=20210610T000000, start_date=20210611T133532, end_date=20210611T133533
[2021-06-11 13:35:33,135] {taskinstance.py:1245} INFO - 0 downstream tasks scheduled from follow-on schedule check
[2021-06-11 13:35:33,174] {local_task_job.py:151} INFO - Task exited with return code 0
[2021-06-11 14:14:43,317] {taskinstance.py:876} INFO - Dependencies all met for <TaskInstance: summary_db.db 2021-06-10T00:00:00+00:00 [queued]>
[2021-06-11 14:14:43,342] {taskinstance.py:876} INFO - Dependencies all met for <TaskInstance: summary_db.db 2021-06-10T00:00:00+00:00 [queued]>
[2021-06-11 14:14:43,342] {taskinstance.py:1067} INFO - 
--------------------------------------------------------------------------------
[2021-06-11 14:14:43,342] {taskinstance.py:1068} INFO - Starting attempt 1 of 2
[2021-06-11 14:14:43,347] {taskinstance.py:1069} INFO - 
--------------------------------------------------------------------------------
[2021-06-11 14:14:43,380] {taskinstance.py:1087} INFO - Executing <Task(PythonOperator): db> on 2021-06-10T00:00:00+00:00
[2021-06-11 14:14:43,387] {standard_task_runner.py:52} INFO - Started process 109 to run task
[2021-06-11 14:14:43,392] {standard_task_runner.py:76} INFO - Running: ['***', 'tasks', 'run', 'summary_db', 'db', '2021-06-10T00:00:00+00:00', '--job-id', '15', '--pool', 'default_pool', '--raw', '--subdir', 'DAGS_FOLDER/first_dag.py', '--cfg-path', '/tmp/tmpfz26hnot', '--error-file', '/tmp/tmp_8n5cknq']
[2021-06-11 14:14:43,393] {standard_task_runner.py:77} INFO - Job 15: Subtask db
[2021-06-11 14:14:43,481] {logging_mixin.py:104} INFO - Running <TaskInstance: summary_db.db 2021-06-10T00:00:00+00:00 [running]> on host bed3fc62f41e
[2021-06-11 14:14:43,583] {taskinstance.py:1282} INFO - Exporting the following env vars:
AIRFLOW_CTX_DAG_OWNER=***
AIRFLOW_CTX_DAG_ID=summary_db
AIRFLOW_CTX_TASK_ID=db
AIRFLOW_CTX_EXECUTION_DATE=2021-06-10T00:00:00+00:00
AIRFLOW_CTX_DAG_RUN_ID=scheduled__2021-06-10T00:00:00+00:00
[2021-06-11 14:14:43,584] {logging_mixin.py:104} INFO - DB Connection started
[2021-06-11 14:14:44,091] {logging_mixin.py:104} INFO - <<<<<<<<<<<<<<<<<<<<<<<<<<<<<<>>>>>>>>>>>>>>>>>>>>>>>>>>>>>>>>>>>>>>>>>>>>>>
[2021-06-11 14:14:44,139] {logging_mixin.py:104} INFO - replica DB -------------->>>>>>>>>>>>>>> <mysql.connector.connection_cext.CMySQLConnection object at 0x7f9cb85b4a90>
[2021-06-11 14:14:44,140] {logging_mixin.py:104} INFO - localhost-------------------------->>>>>>>>>>>>>>>> <mysql.connector.connection_cext.CMySQLConnection object at 0x7f9cb85b4908>
[2021-06-11 14:14:44,338] {taskinstance.py:1481} ERROR - Task failed with exception
Traceback (most recent call last):
  File "/home/airflow/.local/lib/python3.6/site-packages/mysql/connector/connection_cext.py", line 506, in cmd_query
    raw_as_string=raw_as_string)
_mysql_connector.MySQLInterfaceError: No database selected

During handling of the above exception, another exception occurred:

Traceback (most recent call last):
  File "/home/airflow/.local/lib/python3.6/site-packages/airflow/models/taskinstance.py", line 1137, in _run_raw_task
    self._prepare_and_execute_task_with_callbacks(context, task)
  File "/home/airflow/.local/lib/python3.6/site-packages/airflow/models/taskinstance.py", line 1311, in _prepare_and_execute_task_with_callbacks
    result = self._execute_task(context, task_copy)
  File "/home/airflow/.local/lib/python3.6/site-packages/airflow/models/taskinstance.py", line 1341, in _execute_task
    result = task_copy.execute(context=context)
  File "/home/airflow/.local/lib/python3.6/site-packages/airflow/operators/python.py", line 150, in execute
    return_value = self.execute_callable()
  File "/home/airflow/.local/lib/python3.6/site-packages/airflow/operators/python.py", line 161, in execute_callable
    return self.python_callable(*self.op_args, **self.op_kwargs)
  File "/opt/airflow/dags/first_dag.py", line 28, in db_conn
    replica_db_cursor.execute("SELECT * FROM 21N_ambassador_channel_partner_comission where creationdate > NOW()-INTERVAL 1 day;")
  File "/home/airflow/.local/lib/python3.6/site-packages/mysql/connector/cursor_cext.py", line 266, in execute
    raw_as_string=self._raw_as_string)
  File "/home/airflow/.local/lib/python3.6/site-packages/mysql/connector/connection_cext.py", line 509, in cmd_query
    sqlstate=exc.sqlstate)
mysql.connector.errors.ProgrammingError: 1046 (3D000): No database selected
[2021-06-11 14:14:44,341] {taskinstance.py:1531} INFO - Marking task as UP_FOR_RETRY. dag_id=summary_db, task_id=db, execution_date=20210610T000000, start_date=20210611T141443, end_date=20210611T141444
[2021-06-11 14:14:44,408] {local_task_job.py:151} INFO - Task exited with return code 1
[2021-06-11 14:19:56,838] {taskinstance.py:876} INFO - Dependencies all met for <TaskInstance: summary_db.db 2021-06-10T00:00:00+00:00 [queued]>
[2021-06-11 14:19:56,876] {taskinstance.py:876} INFO - Dependencies all met for <TaskInstance: summary_db.db 2021-06-10T00:00:00+00:00 [queued]>
[2021-06-11 14:19:56,876] {taskinstance.py:1067} INFO - 
--------------------------------------------------------------------------------
[2021-06-11 14:19:56,876] {taskinstance.py:1068} INFO - Starting attempt 1 of 2
[2021-06-11 14:19:56,882] {taskinstance.py:1069} INFO - 
--------------------------------------------------------------------------------
[2021-06-11 14:19:56,917] {taskinstance.py:1087} INFO - Executing <Task(PythonOperator): db> on 2021-06-10T00:00:00+00:00
[2021-06-11 14:19:56,929] {standard_task_runner.py:52} INFO - Started process 151 to run task
[2021-06-11 14:19:56,937] {standard_task_runner.py:76} INFO - Running: ['***', 'tasks', 'run', 'summary_db', 'db', '2021-06-10T00:00:00+00:00', '--job-id', '17', '--pool', 'default_pool', '--raw', '--subdir', 'DAGS_FOLDER/first_dag.py', '--cfg-path', '/tmp/tmpcsw4rvy8', '--error-file', '/tmp/tmp4u2i0ala']
[2021-06-11 14:19:56,938] {standard_task_runner.py:77} INFO - Job 17: Subtask db
[2021-06-11 14:19:57,059] {logging_mixin.py:104} INFO - Running <TaskInstance: summary_db.db 2021-06-10T00:00:00+00:00 [running]> on host bed3fc62f41e
[2021-06-11 14:19:57,255] {taskinstance.py:1282} INFO - Exporting the following env vars:
AIRFLOW_CTX_DAG_OWNER=***
AIRFLOW_CTX_DAG_ID=summary_db
AIRFLOW_CTX_TASK_ID=db
AIRFLOW_CTX_EXECUTION_DATE=2021-06-10T00:00:00+00:00
AIRFLOW_CTX_DAG_RUN_ID=scheduled__2021-06-10T00:00:00+00:00
[2021-06-11 14:19:57,256] {logging_mixin.py:104} INFO - DB Connection started
[2021-06-11 14:19:57,773] {logging_mixin.py:104} INFO - <<<<<<<<<<<<<<<<<<<<<<<<<<<<<<>>>>>>>>>>>>>>>>>>>>>>>>>>>>>>>>>>>>>>>>>>>>>>
[2021-06-11 14:19:57,808] {logging_mixin.py:104} INFO - replica DB -------------->>>>>>>>>>>>>>> <mysql.connector.connection_cext.CMySQLConnection object at 0x7f1a26789518>
[2021-06-11 14:19:57,808] {logging_mixin.py:104} INFO - localhost-------------------------->>>>>>>>>>>>>>>> <mysql.connector.connection_cext.CMySQLConnection object at 0x7f1a4e07de80>
[2021-06-11 14:19:58,514] {logging_mixin.py:104} INFO - ------------------------------------Getting Data from Replica Database--------------------------------
[2021-06-11 14:19:58,993] {taskinstance.py:1481} ERROR - Task failed with exception
Traceback (most recent call last):
  File "/home/airflow/.local/lib/python3.6/site-packages/airflow/models/taskinstance.py", line 1137, in _run_raw_task
    self._prepare_and_execute_task_with_callbacks(context, task)
  File "/home/airflow/.local/lib/python3.6/site-packages/airflow/models/taskinstance.py", line 1311, in _prepare_and_execute_task_with_callbacks
    result = self._execute_task(context, task_copy)
  File "/home/airflow/.local/lib/python3.6/site-packages/airflow/models/taskinstance.py", line 1341, in _execute_task
    result = task_copy.execute(context=context)
  File "/home/airflow/.local/lib/python3.6/site-packages/airflow/operators/python.py", line 150, in execute
    return_value = self.execute_callable()
  File "/home/airflow/.local/lib/python3.6/site-packages/airflow/operators/python.py", line 161, in execute_callable
    return self.python_callable(*self.op_args, **self.op_kwargs)
  File "/opt/airflow/dags/first_dag.py", line 37, in db_conn
    insert_query = "INSERT INTO " + table_name + " VALUES ("
NameError: name 'table_name' is not defined
[2021-06-11 14:19:58,996] {taskinstance.py:1531} INFO - Marking task as UP_FOR_RETRY. dag_id=summary_db, task_id=db, execution_date=20210610T000000, start_date=20210611T141956, end_date=20210611T141958
[2021-06-11 14:19:59,129] {local_task_job.py:151} INFO - Task exited with return code 1
[2021-06-11 14:23:27,232] {taskinstance.py:876} INFO - Dependencies all met for <TaskInstance: summary_db.db 2021-06-10T00:00:00+00:00 [queued]>
[2021-06-11 14:23:27,255] {taskinstance.py:876} INFO - Dependencies all met for <TaskInstance: summary_db.db 2021-06-10T00:00:00+00:00 [queued]>
[2021-06-11 14:23:27,256] {taskinstance.py:1067} INFO - 
--------------------------------------------------------------------------------
[2021-06-11 14:23:27,256] {taskinstance.py:1068} INFO - Starting attempt 1 of 2
[2021-06-11 14:23:27,259] {taskinstance.py:1069} INFO - 
--------------------------------------------------------------------------------
[2021-06-11 14:23:27,294] {taskinstance.py:1087} INFO - Executing <Task(PythonOperator): db> on 2021-06-10T00:00:00+00:00
[2021-06-11 14:23:27,305] {standard_task_runner.py:52} INFO - Started process 346 to run task
[2021-06-11 14:23:27,315] {standard_task_runner.py:76} INFO - Running: ['***', 'tasks', 'run', 'summary_db', 'db', '2021-06-10T00:00:00+00:00', '--job-id', '18', '--pool', 'default_pool', '--raw', '--subdir', 'DAGS_FOLDER/first_dag.py', '--cfg-path', '/tmp/tmpntdsasum', '--error-file', '/tmp/tmpji744en3']
[2021-06-11 14:23:27,316] {standard_task_runner.py:77} INFO - Job 18: Subtask db
[2021-06-11 14:23:27,408] {logging_mixin.py:104} INFO - Running <TaskInstance: summary_db.db 2021-06-10T00:00:00+00:00 [running]> on host bed3fc62f41e
[2021-06-11 14:23:27,491] {taskinstance.py:1282} INFO - Exporting the following env vars:
AIRFLOW_CTX_DAG_OWNER=***
AIRFLOW_CTX_DAG_ID=summary_db
AIRFLOW_CTX_TASK_ID=db
AIRFLOW_CTX_EXECUTION_DATE=2021-06-10T00:00:00+00:00
AIRFLOW_CTX_DAG_RUN_ID=scheduled__2021-06-10T00:00:00+00:00
[2021-06-11 14:23:27,492] {logging_mixin.py:104} INFO - DB Connection started
[2021-06-11 14:23:27,954] {logging_mixin.py:104} INFO - <<<<<<<<<<<<<<<<<<<<<<<<<<<<<<>>>>>>>>>>>>>>>>>>>>>>>>>>>>>>>>>>>>>>>>>>>>>>
[2021-06-11 14:23:27,987] {logging_mixin.py:104} INFO - replica DB -------------->>>>>>>>>>>>>>> <mysql.connector.connection_cext.CMySQLConnection object at 0x7f1a2678d048>
[2021-06-11 14:23:27,987] {logging_mixin.py:104} INFO - localhost-------------------------->>>>>>>>>>>>>>>> <mysql.connector.connection_cext.CMySQLConnection object at 0x7f1a2678d630>
[2021-06-11 14:23:28,934] {logging_mixin.py:104} INFO - ------------------------------------Getting Data from Replica Database--------------------------------
[2021-06-11 14:23:29,247] {taskinstance.py:1481} ERROR - Task failed with exception
Traceback (most recent call last):
  File "/home/airflow/.local/lib/python3.6/site-packages/airflow/models/taskinstance.py", line 1137, in _run_raw_task
    self._prepare_and_execute_task_with_callbacks(context, task)
  File "/home/airflow/.local/lib/python3.6/site-packages/airflow/models/taskinstance.py", line 1311, in _prepare_and_execute_task_with_callbacks
    result = self._execute_task(context, task_copy)
  File "/home/airflow/.local/lib/python3.6/site-packages/airflow/models/taskinstance.py", line 1341, in _execute_task
    result = task_copy.execute(context=context)
  File "/home/airflow/.local/lib/python3.6/site-packages/airflow/operators/python.py", line 150, in execute
    return_value = self.execute_callable()
  File "/home/airflow/.local/lib/python3.6/site-packages/airflow/operators/python.py", line 161, in execute_callable
    return self.python_callable(*self.op_args, **self.op_kwargs)
  File "/opt/airflow/dags/first_dag.py", line 38, in db_conn
    for i in range(len(data[0])):
NameError: name 'data' is not defined
[2021-06-11 14:23:29,250] {taskinstance.py:1531} INFO - Marking task as UP_FOR_RETRY. dag_id=summary_db, task_id=db, execution_date=20210610T000000, start_date=20210611T142327, end_date=20210611T142329
[2021-06-11 14:23:29,341] {local_task_job.py:151} INFO - Task exited with return code 1
[2021-06-11 14:25:45,346] {taskinstance.py:876} INFO - Dependencies all met for <TaskInstance: summary_db.db 2021-06-10T00:00:00+00:00 [queued]>
[2021-06-11 14:25:45,365] {taskinstance.py:876} INFO - Dependencies all met for <TaskInstance: summary_db.db 2021-06-10T00:00:00+00:00 [queued]>
[2021-06-11 14:25:45,365] {taskinstance.py:1067} INFO - 
--------------------------------------------------------------------------------
[2021-06-11 14:25:45,365] {taskinstance.py:1068} INFO - Starting attempt 1 of 2
[2021-06-11 14:25:45,371] {taskinstance.py:1069} INFO - 
--------------------------------------------------------------------------------
[2021-06-11 14:25:45,391] {taskinstance.py:1087} INFO - Executing <Task(PythonOperator): db> on 2021-06-10T00:00:00+00:00
[2021-06-11 14:25:45,402] {standard_task_runner.py:52} INFO - Started process 473 to run task
[2021-06-11 14:25:45,408] {standard_task_runner.py:76} INFO - Running: ['***', 'tasks', 'run', 'summary_db', 'db', '2021-06-10T00:00:00+00:00', '--job-id', '19', '--pool', 'default_pool', '--raw', '--subdir', 'DAGS_FOLDER/first_dag.py', '--cfg-path', '/tmp/tmpvoozjy1v', '--error-file', '/tmp/tmpibvic_za']
[2021-06-11 14:25:45,414] {standard_task_runner.py:77} INFO - Job 19: Subtask db
[2021-06-11 14:25:45,514] {logging_mixin.py:104} INFO - Running <TaskInstance: summary_db.db 2021-06-10T00:00:00+00:00 [running]> on host bed3fc62f41e
[2021-06-11 14:25:45,689] {taskinstance.py:1282} INFO - Exporting the following env vars:
AIRFLOW_CTX_DAG_OWNER=***
AIRFLOW_CTX_DAG_ID=summary_db
AIRFLOW_CTX_TASK_ID=db
AIRFLOW_CTX_EXECUTION_DATE=2021-06-10T00:00:00+00:00
AIRFLOW_CTX_DAG_RUN_ID=scheduled__2021-06-10T00:00:00+00:00
[2021-06-11 14:25:45,690] {logging_mixin.py:104} INFO - DB Connection started
[2021-06-11 14:25:46,119] {logging_mixin.py:104} INFO - <<<<<<<<<<<<<<<<<<<<<<<<<<<<<<>>>>>>>>>>>>>>>>>>>>>>>>>>>>>>>>>>>>>>>>>>>>>>
[2021-06-11 14:25:46,172] {logging_mixin.py:104} INFO - replica DB -------------->>>>>>>>>>>>>>> <mysql.connector.connection_cext.CMySQLConnection object at 0x7f1a2678f048>
[2021-06-11 14:25:46,172] {logging_mixin.py:104} INFO - localhost-------------------------->>>>>>>>>>>>>>>> <mysql.connector.connection_cext.CMySQLConnection object at 0x7f1a2678f630>
[2021-06-11 14:25:46,790] {logging_mixin.py:104} INFO - ------------------------------------Getting Data from Replica Database--------------------------------
[2021-06-11 14:25:47,082] {taskinstance.py:1481} ERROR - Task failed with exception
Traceback (most recent call last):
  File "/home/airflow/.local/lib/python3.6/site-packages/airflow/models/taskinstance.py", line 1137, in _run_raw_task
    self._prepare_and_execute_task_with_callbacks(context, task)
  File "/home/airflow/.local/lib/python3.6/site-packages/airflow/models/taskinstance.py", line 1311, in _prepare_and_execute_task_with_callbacks
    result = self._execute_task(context, task_copy)
  File "/home/airflow/.local/lib/python3.6/site-packages/airflow/models/taskinstance.py", line 1341, in _execute_task
    result = task_copy.execute(context=context)
  File "/home/airflow/.local/lib/python3.6/site-packages/airflow/operators/python.py", line 150, in execute
    return_value = self.execute_callable()
  File "/home/airflow/.local/lib/python3.6/site-packages/airflow/operators/python.py", line 161, in execute_callable
    return self.python_callable(*self.op_args, **self.op_kwargs)
  File "/opt/airflow/dags/first_dag.py", line 38, in db_conn
    for i in range(len(row[0])):
NameError: name 'row' is not defined
[2021-06-11 14:25:47,085] {taskinstance.py:1531} INFO - Marking task as UP_FOR_RETRY. dag_id=summary_db, task_id=db, execution_date=20210610T000000, start_date=20210611T142545, end_date=20210611T142547
[2021-06-11 14:25:47,201] {local_task_job.py:151} INFO - Task exited with return code 1
[2021-06-11 14:28:28,754] {taskinstance.py:876} INFO - Dependencies all met for <TaskInstance: summary_db.db 2021-06-10T00:00:00+00:00 [queued]>
[2021-06-11 14:28:28,772] {taskinstance.py:876} INFO - Dependencies all met for <TaskInstance: summary_db.db 2021-06-10T00:00:00+00:00 [queued]>
[2021-06-11 14:28:28,772] {taskinstance.py:1067} INFO - 
--------------------------------------------------------------------------------
[2021-06-11 14:28:28,773] {taskinstance.py:1068} INFO - Starting attempt 1 of 2
[2021-06-11 14:28:28,776] {taskinstance.py:1069} INFO - 
--------------------------------------------------------------------------------
[2021-06-11 14:28:28,797] {taskinstance.py:1087} INFO - Executing <Task(PythonOperator): db> on 2021-06-10T00:00:00+00:00
[2021-06-11 14:28:28,809] {standard_task_runner.py:52} INFO - Started process 625 to run task
[2021-06-11 14:28:28,813] {standard_task_runner.py:76} INFO - Running: ['***', 'tasks', 'run', 'summary_db', 'db', '2021-06-10T00:00:00+00:00', '--job-id', '20', '--pool', 'default_pool', '--raw', '--subdir', 'DAGS_FOLDER/first_dag.py', '--cfg-path', '/tmp/tmppyk775ao', '--error-file', '/tmp/tmpuj8_ukqv']
[2021-06-11 14:28:28,814] {standard_task_runner.py:77} INFO - Job 20: Subtask db
[2021-06-11 14:28:28,862] {logging_mixin.py:104} INFO - Running <TaskInstance: summary_db.db 2021-06-10T00:00:00+00:00 [running]> on host bed3fc62f41e
[2021-06-11 14:28:28,927] {taskinstance.py:1282} INFO - Exporting the following env vars:
AIRFLOW_CTX_DAG_OWNER=***
AIRFLOW_CTX_DAG_ID=summary_db
AIRFLOW_CTX_TASK_ID=db
AIRFLOW_CTX_EXECUTION_DATE=2021-06-10T00:00:00+00:00
AIRFLOW_CTX_DAG_RUN_ID=scheduled__2021-06-10T00:00:00+00:00
[2021-06-11 14:28:28,928] {logging_mixin.py:104} INFO - DB Connection started
[2021-06-11 14:28:29,356] {logging_mixin.py:104} INFO - <<<<<<<<<<<<<<<<<<<<<<<<<<<<<<>>>>>>>>>>>>>>>>>>>>>>>>>>>>>>>>>>>>>>>>>>>>>>
[2021-06-11 14:28:29,380] {logging_mixin.py:104} INFO - replica DB -------------->>>>>>>>>>>>>>> <mysql.connector.connection_cext.CMySQLConnection object at 0x7f1a2677bf98>
[2021-06-11 14:28:29,381] {logging_mixin.py:104} INFO - localhost-------------------------->>>>>>>>>>>>>>>> <mysql.connector.connection_cext.CMySQLConnection object at 0x7f1a4e0735f8>
[2021-06-11 14:28:29,724] {logging_mixin.py:104} INFO - ------------------------------------Getting Data from Replica Database--------------------------------
[2021-06-11 14:28:30,679] {taskinstance.py:1481} ERROR - Task failed with exception
Traceback (most recent call last):
  File "/home/airflow/.local/lib/python3.6/site-packages/mysql/connector/connection_cext.py", line 506, in cmd_query
    raw_as_string=raw_as_string)
_mysql_connector.MySQLInterfaceError: Duplicate entry '1693396' for key '21n_ambassador_channel_partner_comission.PRIMARY'

During handling of the above exception, another exception occurred:

Traceback (most recent call last):
  File "/home/airflow/.local/lib/python3.6/site-packages/airflow/models/taskinstance.py", line 1137, in _run_raw_task
    self._prepare_and_execute_task_with_callbacks(context, task)
  File "/home/airflow/.local/lib/python3.6/site-packages/airflow/models/taskinstance.py", line 1311, in _prepare_and_execute_task_with_callbacks
    result = self._execute_task(context, task_copy)
  File "/home/airflow/.local/lib/python3.6/site-packages/airflow/models/taskinstance.py", line 1341, in _execute_task
    result = task_copy.execute(context=context)
  File "/home/airflow/.local/lib/python3.6/site-packages/airflow/operators/python.py", line 150, in execute
    return_value = self.execute_callable()
  File "/home/airflow/.local/lib/python3.6/site-packages/airflow/operators/python.py", line 161, in execute_callable
    return self.python_callable(*self.op_args, **self.op_kwargs)
  File "/opt/airflow/dags/first_dag.py", line 43, in db_conn
    local_db_cursor.executemany(insert_query, rows)
  File "/home/airflow/.local/lib/python3.6/site-packages/mysql/connector/cursor_cext.py", line 352, in executemany
    return self.execute(stmt)
  File "/home/airflow/.local/lib/python3.6/site-packages/mysql/connector/cursor_cext.py", line 266, in execute
    raw_as_string=self._raw_as_string)
  File "/home/airflow/.local/lib/python3.6/site-packages/mysql/connector/connection_cext.py", line 509, in cmd_query
    sqlstate=exc.sqlstate)
mysql.connector.errors.IntegrityError: 1062 (23000): Duplicate entry '1693396' for key '21n_ambassador_channel_partner_comission.PRIMARY'
[2021-06-11 14:28:30,696] {taskinstance.py:1531} INFO - Marking task as UP_FOR_RETRY. dag_id=summary_db, task_id=db, execution_date=20210610T000000, start_date=20210611T142828, end_date=20210611T142830
[2021-06-11 14:28:30,820] {local_task_job.py:151} INFO - Task exited with return code 1
[2021-06-11 18:02:25,472] {taskinstance.py:876} INFO - Dependencies all met for <TaskInstance: summary_db.db 2021-06-10T00:00:00+00:00 [queued]>
[2021-06-11 18:02:25,512] {taskinstance.py:876} INFO - Dependencies all met for <TaskInstance: summary_db.db 2021-06-10T00:00:00+00:00 [queued]>
[2021-06-11 18:02:25,513] {taskinstance.py:1067} INFO - 
--------------------------------------------------------------------------------
[2021-06-11 18:02:25,513] {taskinstance.py:1068} INFO - Starting attempt 1 of 2
[2021-06-11 18:02:25,513] {taskinstance.py:1069} INFO - 
--------------------------------------------------------------------------------
[2021-06-11 18:02:25,549] {taskinstance.py:1087} INFO - Executing <Task(PythonOperator): db> on 2021-06-10T00:00:00+00:00
[2021-06-11 18:02:25,566] {standard_task_runner.py:52} INFO - Started process 350 to run task
[2021-06-11 18:02:25,575] {standard_task_runner.py:76} INFO - Running: ['***', 'tasks', 'run', 'summary_db', 'db', '2021-06-10T00:00:00+00:00', '--job-id', '23', '--pool', 'default_pool', '--raw', '--subdir', 'DAGS_FOLDER/first_dag.py', '--cfg-path', '/tmp/tmps50mhgfo', '--error-file', '/tmp/tmp8rh7fzav']
[2021-06-11 18:02:25,576] {standard_task_runner.py:77} INFO - Job 23: Subtask db
[2021-06-11 18:02:25,694] {logging_mixin.py:104} INFO - Running <TaskInstance: summary_db.db 2021-06-10T00:00:00+00:00 [running]> on host f706882b8105
[2021-06-11 18:02:25,806] {taskinstance.py:1282} INFO - Exporting the following env vars:
AIRFLOW_CTX_DAG_OWNER=***
AIRFLOW_CTX_DAG_ID=summary_db
AIRFLOW_CTX_TASK_ID=db
AIRFLOW_CTX_EXECUTION_DATE=2021-06-10T00:00:00+00:00
AIRFLOW_CTX_DAG_RUN_ID=scheduled__2021-06-10T00:00:00+00:00
[2021-06-11 18:02:25,808] {logging_mixin.py:104} INFO - ------------------------------------Inside Function-----------------------------
[2021-06-11 18:02:26,421] {taskinstance.py:1481} ERROR - Task failed with exception
Traceback (most recent call last):
  File "/home/airflow/.local/lib/python3.6/site-packages/sqlalchemy/engine/base.py", line 2336, in _wrap_pool_connect
    return fn()
  File "/home/airflow/.local/lib/python3.6/site-packages/sqlalchemy/pool/base.py", line 364, in connect
    return _ConnectionFairy._checkout(self)
  File "/home/airflow/.local/lib/python3.6/site-packages/sqlalchemy/pool/base.py", line 778, in _checkout
    fairy = _ConnectionRecord.checkout(pool)
  File "/home/airflow/.local/lib/python3.6/site-packages/sqlalchemy/pool/base.py", line 495, in checkout
    rec = pool._do_get()
  File "/home/airflow/.local/lib/python3.6/site-packages/sqlalchemy/pool/impl.py", line 140, in _do_get
    self._dec_overflow()
  File "/home/airflow/.local/lib/python3.6/site-packages/sqlalchemy/util/langhelpers.py", line 70, in __exit__
    with_traceback=exc_tb,
  File "/home/airflow/.local/lib/python3.6/site-packages/sqlalchemy/util/compat.py", line 182, in raise_
    raise exception
  File "/home/airflow/.local/lib/python3.6/site-packages/sqlalchemy/pool/impl.py", line 137, in _do_get
    return self._create_connection()
  File "/home/airflow/.local/lib/python3.6/site-packages/sqlalchemy/pool/base.py", line 309, in _create_connection
    return _ConnectionRecord(self)
  File "/home/airflow/.local/lib/python3.6/site-packages/sqlalchemy/pool/base.py", line 440, in __init__
    self.__connect(first_connect_check=True)
  File "/home/airflow/.local/lib/python3.6/site-packages/sqlalchemy/pool/base.py", line 661, in __connect
    pool.logger.debug("Error on connect(): %s", e)
  File "/home/airflow/.local/lib/python3.6/site-packages/sqlalchemy/util/langhelpers.py", line 70, in __exit__
    with_traceback=exc_tb,
  File "/home/airflow/.local/lib/python3.6/site-packages/sqlalchemy/util/compat.py", line 182, in raise_
    raise exception
  File "/home/airflow/.local/lib/python3.6/site-packages/sqlalchemy/pool/base.py", line 656, in __connect
    connection = pool._invoke_creator(self)
  File "/home/airflow/.local/lib/python3.6/site-packages/sqlalchemy/engine/strategies.py", line 114, in connect
    return dialect.connect(*cargs, **cparams)
  File "/home/airflow/.local/lib/python3.6/site-packages/sqlalchemy/engine/default.py", line 508, in connect
    return self.dbapi.connect(*cargs, **cparams)
  File "/home/airflow/.local/lib/python3.6/site-packages/MySQLdb/__init__.py", line 130, in Connect
    return Connection(*args, **kwargs)
  File "/home/airflow/.local/lib/python3.6/site-packages/MySQLdb/connections.py", line 185, in __init__
    super().__init__(*args, **kwargs2)
MySQLdb._exceptions.OperationalError: (2026, 'SSL connection error: error:1425F102:SSL routines:ssl_choose_client_version:unsupported protocol')

The above exception was the direct cause of the following exception:

Traceback (most recent call last):
  File "/home/airflow/.local/lib/python3.6/site-packages/airflow/models/taskinstance.py", line 1137, in _run_raw_task
    self._prepare_and_execute_task_with_callbacks(context, task)
  File "/home/airflow/.local/lib/python3.6/site-packages/airflow/models/taskinstance.py", line 1311, in _prepare_and_execute_task_with_callbacks
    result = self._execute_task(context, task_copy)
  File "/home/airflow/.local/lib/python3.6/site-packages/airflow/models/taskinstance.py", line 1341, in _execute_task
    result = task_copy.execute(context=context)
  File "/home/airflow/.local/lib/python3.6/site-packages/airflow/operators/python.py", line 150, in execute
    return_value = self.execute_callable()
  File "/home/airflow/.local/lib/python3.6/site-packages/airflow/operators/python.py", line 161, in execute_callable
    return self.python_callable(*self.op_args, **self.op_kwargs)
  File "/opt/airflow/dags/first_dag.py", line 56, in ambassador_channel_partner_comission
    con='mysql://yantra:0FRZ*j7,>M>C,&tJ@3.0.136.197:3306/21north' )
  File "/home/airflow/.local/lib/python3.6/site-packages/pandas/io/sql.py", line 383, in read_sql_query
    chunksize=chunksize,
  File "/home/airflow/.local/lib/python3.6/site-packages/pandas/io/sql.py", line 1295, in read_query
    result = self.execute(*args)
  File "/home/airflow/.local/lib/python3.6/site-packages/pandas/io/sql.py", line 1162, in execute
    *args, **kwargs
  File "/home/airflow/.local/lib/python3.6/site-packages/sqlalchemy/engine/base.py", line 2234, in execute
    connection = self._contextual_connect(close_with_result=True)
  File "/home/airflow/.local/lib/python3.6/site-packages/sqlalchemy/engine/base.py", line 2302, in _contextual_connect
    self._wrap_pool_connect(self.pool.connect, None),
  File "/home/airflow/.local/lib/python3.6/site-packages/sqlalchemy/engine/base.py", line 2340, in _wrap_pool_connect
    e, dialect, self
  File "/home/airflow/.local/lib/python3.6/site-packages/sqlalchemy/engine/base.py", line 1584, in _handle_dbapi_exception_noconnection
    sqlalchemy_exception, with_traceback=exc_info[2], from_=e
  File "/home/airflow/.local/lib/python3.6/site-packages/sqlalchemy/util/compat.py", line 182, in raise_
    raise exception
  File "/home/airflow/.local/lib/python3.6/site-packages/sqlalchemy/engine/base.py", line 2336, in _wrap_pool_connect
    return fn()
  File "/home/airflow/.local/lib/python3.6/site-packages/sqlalchemy/pool/base.py", line 364, in connect
    return _ConnectionFairy._checkout(self)
  File "/home/airflow/.local/lib/python3.6/site-packages/sqlalchemy/pool/base.py", line 778, in _checkout
    fairy = _ConnectionRecord.checkout(pool)
  File "/home/airflow/.local/lib/python3.6/site-packages/sqlalchemy/pool/base.py", line 495, in checkout
    rec = pool._do_get()
  File "/home/airflow/.local/lib/python3.6/site-packages/sqlalchemy/pool/impl.py", line 140, in _do_get
    self._dec_overflow()
  File "/home/airflow/.local/lib/python3.6/site-packages/sqlalchemy/util/langhelpers.py", line 70, in __exit__
    with_traceback=exc_tb,
  File "/home/airflow/.local/lib/python3.6/site-packages/sqlalchemy/util/compat.py", line 182, in raise_
    raise exception
  File "/home/airflow/.local/lib/python3.6/site-packages/sqlalchemy/pool/impl.py", line 137, in _do_get
    return self._create_connection()
  File "/home/airflow/.local/lib/python3.6/site-packages/sqlalchemy/pool/base.py", line 309, in _create_connection
    return _ConnectionRecord(self)
  File "/home/airflow/.local/lib/python3.6/site-packages/sqlalchemy/pool/base.py", line 440, in __init__
    self.__connect(first_connect_check=True)
  File "/home/airflow/.local/lib/python3.6/site-packages/sqlalchemy/pool/base.py", line 661, in __connect
    pool.logger.debug("Error on connect(): %s", e)
  File "/home/airflow/.local/lib/python3.6/site-packages/sqlalchemy/util/langhelpers.py", line 70, in __exit__
    with_traceback=exc_tb,
  File "/home/airflow/.local/lib/python3.6/site-packages/sqlalchemy/util/compat.py", line 182, in raise_
    raise exception
  File "/home/airflow/.local/lib/python3.6/site-packages/sqlalchemy/pool/base.py", line 656, in __connect
    connection = pool._invoke_creator(self)
  File "/home/airflow/.local/lib/python3.6/site-packages/sqlalchemy/engine/strategies.py", line 114, in connect
    return dialect.connect(*cargs, **cparams)
  File "/home/airflow/.local/lib/python3.6/site-packages/sqlalchemy/engine/default.py", line 508, in connect
    return self.dbapi.connect(*cargs, **cparams)
  File "/home/airflow/.local/lib/python3.6/site-packages/MySQLdb/__init__.py", line 130, in Connect
    return Connection(*args, **kwargs)
  File "/home/airflow/.local/lib/python3.6/site-packages/MySQLdb/connections.py", line 185, in __init__
    super().__init__(*args, **kwargs2)
sqlalchemy.exc.OperationalError: (MySQLdb._exceptions.OperationalError) (2026, 'SSL connection error: error:1425F102:SSL routines:ssl_choose_client_version:unsupported protocol')
(Background on this error at: http://sqlalche.me/e/13/e3q8)
[2021-06-11 18:02:26,434] {taskinstance.py:1531} INFO - Marking task as UP_FOR_RETRY. dag_id=summary_db, task_id=db, execution_date=20210610T000000, start_date=20210611T180225, end_date=20210611T180226
[2021-06-11 18:02:26,522] {local_task_job.py:151} INFO - Task exited with return code 1
[2021-06-11 18:15:05,040] {taskinstance.py:876} INFO - Dependencies all met for <TaskInstance: summary_db.db 2021-06-10T00:00:00+00:00 [queued]>
[2021-06-11 18:15:05,124] {taskinstance.py:876} INFO - Dependencies all met for <TaskInstance: summary_db.db 2021-06-10T00:00:00+00:00 [queued]>
[2021-06-11 18:15:05,125] {taskinstance.py:1067} INFO - 
--------------------------------------------------------------------------------
[2021-06-11 18:15:05,126] {taskinstance.py:1068} INFO - Starting attempt 1 of 2
[2021-06-11 18:15:05,126] {taskinstance.py:1069} INFO - 
--------------------------------------------------------------------------------
[2021-06-11 18:15:05,213] {taskinstance.py:1087} INFO - Executing <Task(PythonOperator): db> on 2021-06-10T00:00:00+00:00
[2021-06-11 18:15:05,232] {standard_task_runner.py:52} INFO - Started process 1029 to run task
[2021-06-11 18:15:05,246] {standard_task_runner.py:76} INFO - Running: ['***', 'tasks', 'run', 'summary_db', 'db', '2021-06-10T00:00:00+00:00', '--job-id', '25', '--pool', 'default_pool', '--raw', '--subdir', 'DAGS_FOLDER/first_dag.py', '--cfg-path', '/tmp/tmp7i0vx03l', '--error-file', '/tmp/tmpu6z5s9jn']
[2021-06-11 18:15:05,247] {standard_task_runner.py:77} INFO - Job 25: Subtask db
[2021-06-11 18:15:05,380] {logging_mixin.py:104} INFO - Running <TaskInstance: summary_db.db 2021-06-10T00:00:00+00:00 [running]> on host f706882b8105
[2021-06-11 18:15:05,696] {taskinstance.py:1282} INFO - Exporting the following env vars:
AIRFLOW_CTX_DAG_OWNER=***
AIRFLOW_CTX_DAG_ID=summary_db
AIRFLOW_CTX_TASK_ID=db
AIRFLOW_CTX_EXECUTION_DATE=2021-06-10T00:00:00+00:00
AIRFLOW_CTX_DAG_RUN_ID=scheduled__2021-06-10T00:00:00+00:00
[2021-06-11 18:15:05,706] {logging_mixin.py:104} INFO - ------------------------------------Inside Function-----------------------------
[2021-06-11 18:15:08,782] {logging_mixin.py:104} INFO - -------------------------------Data read into dataframe---------------------------
[2021-06-11 18:15:08,782] {taskinstance.py:1481} ERROR - Task failed with exception
Traceback (most recent call last):
  File "/home/airflow/.local/lib/python3.6/site-packages/airflow/models/taskinstance.py", line 1137, in _run_raw_task
    self._prepare_and_execute_task_with_callbacks(context, task)
  File "/home/airflow/.local/lib/python3.6/site-packages/airflow/models/taskinstance.py", line 1311, in _prepare_and_execute_task_with_callbacks
    result = self._execute_task(context, task_copy)
  File "/home/airflow/.local/lib/python3.6/site-packages/airflow/models/taskinstance.py", line 1341, in _execute_task
    result = task_copy.execute(context=context)
  File "/home/airflow/.local/lib/python3.6/site-packages/airflow/operators/python.py", line 150, in execute
    return_value = self.execute_callable()
  File "/home/airflow/.local/lib/python3.6/site-packages/airflow/operators/python.py", line 161, in execute_callable
    return self.python_callable(*self.op_args, **self.op_kwargs)
  File "/opt/airflow/dags/first_dag.py", line 64, in ambassador_channel_partner_comission
    if_exist="append")
TypeError: to_sql() got an unexpected keyword argument 'if_exist'
[2021-06-11 18:15:08,785] {taskinstance.py:1531} INFO - Marking task as UP_FOR_RETRY. dag_id=summary_db, task_id=db, execution_date=20210610T000000, start_date=20210611T181505, end_date=20210611T181508
[2021-06-11 18:15:08,864] {local_task_job.py:151} INFO - Task exited with return code 1
[2021-06-11 18:17:37,713] {taskinstance.py:876} INFO - Dependencies all met for <TaskInstance: summary_db.db 2021-06-10T00:00:00+00:00 [queued]>
[2021-06-11 18:17:37,794] {taskinstance.py:876} INFO - Dependencies all met for <TaskInstance: summary_db.db 2021-06-10T00:00:00+00:00 [queued]>
[2021-06-11 18:17:37,795] {taskinstance.py:1067} INFO - 
--------------------------------------------------------------------------------
[2021-06-11 18:17:37,795] {taskinstance.py:1068} INFO - Starting attempt 1 of 2
[2021-06-11 18:17:37,795] {taskinstance.py:1069} INFO - 
--------------------------------------------------------------------------------
[2021-06-11 18:17:37,860] {taskinstance.py:1087} INFO - Executing <Task(PythonOperator): db> on 2021-06-10T00:00:00+00:00
[2021-06-11 18:17:37,879] {standard_task_runner.py:52} INFO - Started process 1148 to run task
[2021-06-11 18:17:37,886] {standard_task_runner.py:76} INFO - Running: ['***', 'tasks', 'run', 'summary_db', 'db', '2021-06-10T00:00:00+00:00', '--job-id', '26', '--pool', 'default_pool', '--raw', '--subdir', 'DAGS_FOLDER/first_dag.py', '--cfg-path', '/tmp/tmphmh874uv', '--error-file', '/tmp/tmpozcs7rpj']
[2021-06-11 18:17:37,887] {standard_task_runner.py:77} INFO - Job 26: Subtask db
[2021-06-11 18:17:38,081] {logging_mixin.py:104} INFO - Running <TaskInstance: summary_db.db 2021-06-10T00:00:00+00:00 [running]> on host f706882b8105
[2021-06-11 18:17:38,395] {taskinstance.py:1282} INFO - Exporting the following env vars:
AIRFLOW_CTX_DAG_OWNER=***
AIRFLOW_CTX_DAG_ID=summary_db
AIRFLOW_CTX_TASK_ID=db
AIRFLOW_CTX_EXECUTION_DATE=2021-06-10T00:00:00+00:00
AIRFLOW_CTX_DAG_RUN_ID=scheduled__2021-06-10T00:00:00+00:00
[2021-06-11 18:17:38,397] {logging_mixin.py:104} INFO - ------------------------------------Inside Function-----------------------------
[2021-06-11 18:17:41,395] {logging_mixin.py:104} INFO - -------------------------------Data read into dataframe---------------------------
[2021-06-11 18:17:41,794] {taskinstance.py:1481} ERROR - Task failed with exception
Traceback (most recent call last):
  File "/home/airflow/.local/lib/python3.6/site-packages/sqlalchemy/engine/base.py", line 1257, in _execute_context
    cursor, statement, parameters, context
  File "/home/airflow/.local/lib/python3.6/site-packages/sqlalchemy/dialects/mysql/mysqldb.py", line 148, in do_executemany
    rowcount = cursor.executemany(statement, parameters)
  File "/home/airflow/.local/lib/python3.6/site-packages/MySQLdb/cursors.py", line 236, in executemany
    self._get_db().encoding,
  File "/home/airflow/.local/lib/python3.6/site-packages/MySQLdb/cursors.py", line 261, in _do_execute_many
    rows += self.execute(sql + postfix)
  File "/home/airflow/.local/lib/python3.6/site-packages/MySQLdb/cursors.py", line 206, in execute
    res = self._query(query)
  File "/home/airflow/.local/lib/python3.6/site-packages/MySQLdb/cursors.py", line 319, in _query
    db.query(q)
  File "/home/airflow/.local/lib/python3.6/site-packages/MySQLdb/connections.py", line 259, in query
    _mysql.connection.query(self, query)
MySQLdb._exceptions.OperationalError: (1054, "Unknown column 'index' in 'field list'")

The above exception was the direct cause of the following exception:

Traceback (most recent call last):
  File "/home/airflow/.local/lib/python3.6/site-packages/airflow/models/taskinstance.py", line 1137, in _run_raw_task
    self._prepare_and_execute_task_with_callbacks(context, task)
  File "/home/airflow/.local/lib/python3.6/site-packages/airflow/models/taskinstance.py", line 1311, in _prepare_and_execute_task_with_callbacks
    result = self._execute_task(context, task_copy)
  File "/home/airflow/.local/lib/python3.6/site-packages/airflow/models/taskinstance.py", line 1341, in _execute_task
    result = task_copy.execute(context=context)
  File "/home/airflow/.local/lib/python3.6/site-packages/airflow/operators/python.py", line 150, in execute
    return_value = self.execute_callable()
  File "/home/airflow/.local/lib/python3.6/site-packages/airflow/operators/python.py", line 161, in execute_callable
    return self.python_callable(*self.op_args, **self.op_kwargs)
  File "/opt/airflow/dags/first_dag.py", line 64, in ambassador_channel_partner_comission
    if_exists="append")
  File "/home/airflow/.local/lib/python3.6/site-packages/pandas/core/generic.py", line 2615, in to_sql
    method=method,
  File "/home/airflow/.local/lib/python3.6/site-packages/pandas/io/sql.py", line 598, in to_sql
    method=method,
  File "/home/airflow/.local/lib/python3.6/site-packages/pandas/io/sql.py", line 1406, in to_sql
    raise err
  File "/home/airflow/.local/lib/python3.6/site-packages/pandas/io/sql.py", line 1398, in to_sql
    table.insert(chunksize, method=method)
  File "/home/airflow/.local/lib/python3.6/site-packages/pandas/io/sql.py", line 830, in insert
    exec_insert(conn, keys, chunk_iter)
  File "/home/airflow/.local/lib/python3.6/site-packages/pandas/io/sql.py", line 747, in _execute_insert
    conn.execute(self.table.insert(), data)
  File "/home/airflow/.local/lib/python3.6/site-packages/sqlalchemy/engine/base.py", line 1011, in execute
    return meth(self, multiparams, params)
  File "/home/airflow/.local/lib/python3.6/site-packages/sqlalchemy/sql/elements.py", line 298, in _execute_on_connection
    return connection._execute_clauseelement(self, multiparams, params)
  File "/home/airflow/.local/lib/python3.6/site-packages/sqlalchemy/engine/base.py", line 1130, in _execute_clauseelement
    distilled_params,
  File "/home/airflow/.local/lib/python3.6/site-packages/sqlalchemy/engine/base.py", line 1317, in _execute_context
    e, statement, parameters, cursor, context
  File "/home/airflow/.local/lib/python3.6/site-packages/sqlalchemy/engine/base.py", line 1511, in _handle_dbapi_exception
    sqlalchemy_exception, with_traceback=exc_info[2], from_=e
  File "/home/airflow/.local/lib/python3.6/site-packages/sqlalchemy/util/compat.py", line 182, in raise_
    raise exception
  File "/home/airflow/.local/lib/python3.6/site-packages/sqlalchemy/engine/base.py", line 1257, in _execute_context
    cursor, statement, parameters, context
  File "/home/airflow/.local/lib/python3.6/site-packages/sqlalchemy/dialects/mysql/mysqldb.py", line 148, in do_executemany
    rowcount = cursor.executemany(statement, parameters)
  File "/home/airflow/.local/lib/python3.6/site-packages/MySQLdb/cursors.py", line 236, in executemany
    self._get_db().encoding,
  File "/home/airflow/.local/lib/python3.6/site-packages/MySQLdb/cursors.py", line 261, in _do_execute_many
    rows += self.execute(sql + postfix)
  File "/home/airflow/.local/lib/python3.6/site-packages/MySQLdb/cursors.py", line 206, in execute
    res = self._query(query)
  File "/home/airflow/.local/lib/python3.6/site-packages/MySQLdb/cursors.py", line 319, in _query
    db.query(q)
  File "/home/airflow/.local/lib/python3.6/site-packages/MySQLdb/connections.py", line 259, in query
    _mysql.connection.query(self, query)
sqlalchemy.exc.OperationalError: (MySQLdb._exceptions.OperationalError) (1054, "Unknown column 'index' in 'field list'")
[SQL: INSERT INTO `21north`.`21N_ambassador_channel_partner_comission` (`index`, id, creationdate, channel_partner_id, ambid, queueid, state, amount, tmpamount, reason, taskcount, channel_comission, settled, settled_by, settlement_datetime) VALUES (%s, %s, %s, %s, %s, %s, %s, %s, %s, %s, %s, %s, %s, %s, %s)]
[parameters: ((0, 1693480, datetime.datetime(2021, 6, 10, 23, 55), 0, 858712, 1620179, 111, 0.0, 0, '200 Early pickup incentive', 0.0, 0.0, 0, None, None), (1, 1693481, datetime.datetime(2021, 6, 10, 23, 55), 0, 858715, 1618741, 111, 0.0, 0, '200 Early pickup incentive', 0.0, 0.0, 0, None, None), (2, 1693482, datetime.datetime(2021, 6, 10, 23, 55), 142, 768060, 1629490, 111, 0.0, 0, '200 Early pickup incentive', 0.0, 0.0, 0, None, None), (3, 1693483, datetime.datetime(2021, 6, 10, 23, 55), 64, 705742, 1628922, 111, 0.0, 0, '200 Early pickup incentive', 0.0, 0.0, 0, None, None), (4, 1693484, datetime.datetime(2021, 6, 10, 23, 55), 166, 616219, 1629231, 111, 0.0, 0, '200 Early pickup incentive', 0.0, 0.0, 0, None, None), (5, 1693485, datetime.datetime(2021, 6, 10, 23, 55), 142, 838383, 1629519, 111, 0.0, 0, '200 Early pickup incentive', 0.0, 0.0, 0, None, None), (6, 1693486, datetime.datetime(2021, 6, 10, 23, 55), 156, 786600, 1628959, 111, 0.0, 0, '200 Early pickup incentive', 0.0, 0.0, 0, None, None), (7, 1693487, datetime.datetime(2021, 6, 10, 23, 55), 109, 729420, 1629056, 111, 0.0, 0, '200 Early pickup incentive', 0.0, 0.0, 0, None, None)  ... displaying 10 of 2383 total bound parameter sets ...  (2381, 1695872, datetime.datetime(2021, 6, 11, 19, 45, 4), 144, 737091, 1626745, 802, 0.0, 0, None, 1.0, 0.0, 0, None, None), (2382, 1695873, datetime.datetime(2021, 6, 11, 19, 45, 24), 180, 791961, 1630889, 802, 0.0, 0, None, 1.0, 0.0, 0, None, None))]
(Background on this error at: http://sqlalche.me/e/13/e3q8)
[2021-06-11 18:17:41,983] {taskinstance.py:1531} INFO - Marking task as UP_FOR_RETRY. dag_id=summary_db, task_id=db, execution_date=20210610T000000, start_date=20210611T181737, end_date=20210611T181741
[2021-06-11 18:17:42,082] {local_task_job.py:151} INFO - Task exited with return code 1
[2021-06-11 18:21:17,400] {taskinstance.py:876} INFO - Dependencies all met for <TaskInstance: summary_db.db 2021-06-10T00:00:00+00:00 [queued]>
[2021-06-11 18:21:17,459] {taskinstance.py:876} INFO - Dependencies all met for <TaskInstance: summary_db.db 2021-06-10T00:00:00+00:00 [queued]>
[2021-06-11 18:21:17,461] {taskinstance.py:1067} INFO - 
--------------------------------------------------------------------------------
[2021-06-11 18:21:17,461] {taskinstance.py:1068} INFO - Starting attempt 1 of 2
[2021-06-11 18:21:17,462] {taskinstance.py:1069} INFO - 
--------------------------------------------------------------------------------
[2021-06-11 18:21:17,489] {taskinstance.py:1087} INFO - Executing <Task(PythonOperator): db> on 2021-06-10T00:00:00+00:00
[2021-06-11 18:21:17,505] {standard_task_runner.py:52} INFO - Started process 1334 to run task
[2021-06-11 18:21:17,515] {standard_task_runner.py:76} INFO - Running: ['***', 'tasks', 'run', 'summary_db', 'db', '2021-06-10T00:00:00+00:00', '--job-id', '27', '--pool', 'default_pool', '--raw', '--subdir', 'DAGS_FOLDER/first_dag.py', '--cfg-path', '/tmp/tmpavares20', '--error-file', '/tmp/tmpwrpz7ngy']
[2021-06-11 18:21:17,516] {standard_task_runner.py:77} INFO - Job 27: Subtask db
[2021-06-11 18:21:17,637] {logging_mixin.py:104} INFO - Running <TaskInstance: summary_db.db 2021-06-10T00:00:00+00:00 [running]> on host f706882b8105
[2021-06-11 18:21:17,817] {taskinstance.py:1282} INFO - Exporting the following env vars:
AIRFLOW_CTX_DAG_OWNER=***
AIRFLOW_CTX_DAG_ID=summary_db
AIRFLOW_CTX_TASK_ID=db
AIRFLOW_CTX_EXECUTION_DATE=2021-06-10T00:00:00+00:00
AIRFLOW_CTX_DAG_RUN_ID=scheduled__2021-06-10T00:00:00+00:00
[2021-06-11 18:21:17,818] {logging_mixin.py:104} INFO - ------------------------------------Inside Function-----------------------------
[2021-06-11 18:21:20,482] {logging_mixin.py:104} INFO - -------------------------------Data read into dataframe---------------------------
[2021-06-11 18:21:21,616] {logging_mixin.py:104} WARNING - /home/***/.local/lib/python3.6/site-packages/pandas/io/sql.py:1423 UserWarning: The provided table name '21N_ambassador_channel_partner_comission' is not found exactly as such in the database after writing the table, possibly due to case sensitivity issues. Consider using lower case table names.
[2021-06-11 18:21:21,616] {logging_mixin.py:104} INFO - ----------------------------------Data write into summary DB----------------------
[2021-06-11 18:21:21,616] {python.py:151} INFO - Done. Returned value was: None
[2021-06-11 18:21:21,637] {taskinstance.py:1191} INFO - Marking task as SUCCESS. dag_id=summary_db, task_id=db, execution_date=20210610T000000, start_date=20210611T182117, end_date=20210611T182121
[2021-06-11 18:21:21,760] {taskinstance.py:1245} INFO - 0 downstream tasks scheduled from follow-on schedule check
[2021-06-11 18:21:21,794] {local_task_job.py:151} INFO - Task exited with return code 0
[2021-06-11 18:32:42,897] {taskinstance.py:876} INFO - Dependencies all met for <TaskInstance: summary_db.db 2021-06-10T00:00:00+00:00 [queued]>
[2021-06-11 18:32:42,922] {taskinstance.py:876} INFO - Dependencies all met for <TaskInstance: summary_db.db 2021-06-10T00:00:00+00:00 [queued]>
[2021-06-11 18:32:42,922] {taskinstance.py:1067} INFO - 
--------------------------------------------------------------------------------
[2021-06-11 18:32:42,922] {taskinstance.py:1068} INFO - Starting attempt 1 of 2
[2021-06-11 18:32:42,922] {taskinstance.py:1069} INFO - 
--------------------------------------------------------------------------------
[2021-06-11 18:32:42,933] {taskinstance.py:1087} INFO - Executing <Task(PythonOperator): db> on 2021-06-10T00:00:00+00:00
[2021-06-11 18:32:42,942] {standard_task_runner.py:52} INFO - Started process 1955 to run task
[2021-06-11 18:32:42,946] {standard_task_runner.py:76} INFO - Running: ['***', 'tasks', 'run', 'summary_db', 'db', '2021-06-10T00:00:00+00:00', '--job-id', '28', '--pool', 'default_pool', '--raw', '--subdir', 'DAGS_FOLDER/first_dag.py', '--cfg-path', '/tmp/tmpd6oan96f', '--error-file', '/tmp/tmp7wucjzif']
[2021-06-11 18:32:42,947] {standard_task_runner.py:77} INFO - Job 28: Subtask db
[2021-06-11 18:32:43,006] {logging_mixin.py:104} INFO - Running <TaskInstance: summary_db.db 2021-06-10T00:00:00+00:00 [running]> on host f706882b8105
[2021-06-11 18:32:43,117] {taskinstance.py:1282} INFO - Exporting the following env vars:
AIRFLOW_CTX_DAG_OWNER=***
AIRFLOW_CTX_DAG_ID=summary_db
AIRFLOW_CTX_TASK_ID=db
AIRFLOW_CTX_EXECUTION_DATE=2021-06-10T00:00:00+00:00
AIRFLOW_CTX_DAG_RUN_ID=scheduled__2021-06-10T00:00:00+00:00
[2021-06-11 18:32:43,118] {logging_mixin.py:104} INFO - ------------------------------------Inside Function-----------------------------
[2021-06-11 18:32:45,261] {logging_mixin.py:104} INFO - -------------------------------Data read into dataframe---------------------------
[2021-06-11 18:32:45,982] {logging_mixin.py:104} WARNING - /home/***/.local/lib/python3.6/site-packages/pandas/io/sql.py:1423 UserWarning: The provided table name '21N_ambassador_channel_partner_comission' is not found exactly as such in the database after writing the table, possibly due to case sensitivity issues. Consider using lower case table names.
[2021-06-11 18:32:45,983] {logging_mixin.py:104} INFO - ----------------------------------Data write into summary DB----------------------
[2021-06-11 18:32:45,984] {python.py:151} INFO - Done. Returned value was: None
[2021-06-11 18:32:46,154] {taskinstance.py:1191} INFO - Marking task as SUCCESS. dag_id=summary_db, task_id=db, execution_date=20210610T000000, start_date=20210611T183242, end_date=20210611T183246
[2021-06-11 18:32:46,294] {taskinstance.py:1245} INFO - 0 downstream tasks scheduled from follow-on schedule check
[2021-06-11 18:32:46,331] {local_task_job.py:151} INFO - Task exited with return code 0
